# JRE version: OpenJDK Runtime Environment (17.0.6) (build 17.0.6+0-b2043.56-9586694)
# Java VM: OpenJDK 64-Bit Server VM (17.0.6+0-b2043.56-9586694, mixed mode, tiered, compressed oops, compressed class ptrs, g1 gc, windows-amd64)
GC Precious Log:
 CPUs: 12 total, 12 available
 Memory: 16235M
 Large Page Support: Disabled
 NUMA Support: Disabled
 Compressed Oops: Enabled (32-bit)
 Heap Region Size: 1M
 Heap Min Capacity: 8M
 Heap Initial Capacity: 254M
 Heap Max Capacity: 2G
 Pre-touch: Disabled
 Parallel Workers: 10
 Concurrent Workers: 3
 Concurrent Refinement Workers: 10
 Periodic GC: Disabled
Heap:
 garbage-first heap   total 389120K, used 320332K [0x0000000080000000, 0x0000000100000000)
  region size 1024K, 190 young (194560K), 2 survivors (2048K)
 Metaspace       used 108375K, committed 109248K, reserved 1146880K
  class space    used 14540K, committed 14976K, reserved 1048576K
GC Heap History (20 events):
Event: 9.821 GC heap before
{Heap before GC invocations=25 (full 0):
 garbage-first heap   total 158720K, used 125214K [0x0000000080000000, 0x0000000100000000)
  region size 1024K, 49 young (50176K), 8 survivors (8192K)
 Metaspace       used 87398K, committed 88064K, reserved 1130496K
  class space    used 12078K, committed 12416K, reserved 1048576K
}
Event: 9.829 GC heap after
{Heap after GC invocations=26 (full 0):
 garbage-first heap   total 158720K, used 89385K [0x0000000080000000, 0x0000000100000000)
  region size 1024K, 5 young (5120K), 5 survivors (5120K)
 Metaspace       used 87398K, committed 88064K, reserved 1130496K
  class space    used 12078K, committed 12416K, reserved 1048576K
}
Event: 9.997 GC heap before
{Heap before GC invocations=27 (full 0):
 garbage-first heap   total 178176K, used 127273K [0x0000000080000000, 0x0000000100000000)
  region size 1024K, 43 young (44032K), 5 survivors (5120K)
 Metaspace       used 87591K, committed 88256K, reserved 1130496K
  class space    used 12084K, committed 12416K, reserved 1048576K
}
Event: 10.001 GC heap after
{Heap after GC invocations=28 (full 0):
 garbage-first heap   total 178176K, used 91531K [0x0000000080000000, 0x0000000100000000)
  region size 1024K, 3 young (3072K), 3 survivors (3072K)
 Metaspace       used 87591K, committed 88256K, reserved 1130496K
  class space    used 12084K, committed 12416K, reserved 1048576K
}
Event: 10.022 GC heap before
{Heap before GC invocations=28 (full 0):
 garbage-first heap   total 178176K, used 95627K [0x0000000080000000, 0x0000000100000000)
  region size 1024K, 8 young (8192K), 3 survivors (3072K)
 Metaspace       used 87623K, committed 88320K, reserved 1130496K
  class space    used 12085K, committed 12416K, reserved 1048576K
}
Event: 10.027 GC heap after
{Heap after GC invocations=29 (full 0):
 garbage-first heap   total 178176K, used 91900K [0x0000000080000000, 0x0000000100000000)
  region size 1024K, 1 young (1024K), 1 survivors (1024K)
 Metaspace       used 87623K, committed 88320K, reserved 1130496K
  class space    used 12085K, committed 12416K, reserved 1048576K
}
Event: 10.333 GC heap before
{Heap before GC invocations=29 (full 0):
 garbage-first heap   total 178176K, used 143100K [0x0000000080000000, 0x0000000100000000)
  region size 1024K, 52 young (53248K), 1 survivors (1024K)
 Metaspace       used 88144K, committed 88896K, reserved 1130496K
  class space    used 12131K, committed 12480K, reserved 1048576K
}
Event: 10.338 GC heap after
{Heap after GC invocations=30 (full 0):
 garbage-first heap   total 178176K, used 95165K [0x0000000080000000, 0x0000000100000000)
  region size 1024K, 5 young (5120K), 5 survivors (5120K)
 Metaspace       used 88144K, committed 88896K, reserved 1130496K
  class space    used 12131K, committed 12480K, reserved 1048576K
}
Event: 10.849 GC heap before
{Heap before GC invocations=31 (full 0):
 garbage-first heap   total 178176K, used 144317K [0x0000000080000000, 0x0000000100000000)
  region size 1024K, 54 young (55296K), 5 survivors (5120K)
 Metaspace       used 92549K, committed 93184K, reserved 1130496K
  class space    used 12725K, committed 13056K, reserved 1048576K
}
Event: 10.854 GC heap after
{Heap after GC invocations=32 (full 0):
 garbage-first heap   total 178176K, used 98171K [0x0000000080000000, 0x0000000100000000)
  region size 1024K, 7 young (7168K), 7 survivors (7168K)
 Metaspace       used 92549K, committed 93184K, reserved 1130496K
  class space    used 12725K, committed 13056K, reserved 1048576K
}
Event: 10.862 GC heap before
{Heap before GC invocations=32 (full 0):
 garbage-first heap   total 178176K, used 99195K [0x0000000080000000, 0x0000000100000000)
  region size 1024K, 8 young (8192K), 7 survivors (7168K)
 Metaspace       used 92647K, committed 93312K, reserved 1130496K
  class space    used 12736K, committed 13056K, reserved 1048576K
}
Event: 10.866 GC heap after
{Heap after GC invocations=33 (full 0):
 garbage-first heap   total 178176K, used 97700K [0x0000000080000000, 0x0000000100000000)
  region size 1024K, 1 young (1024K), 1 survivors (1024K)
 Metaspace       used 92647K, committed 93312K, reserved 1130496K
  class space    used 12736K, committed 13056K, reserved 1048576K
}
Event: 11.200 GC heap before
{Heap before GC invocations=33 (full 0):
 garbage-first heap   total 178176K, used 145828K [0x0000000080000000, 0x0000000100000000)
  region size 1024K, 49 young (50176K), 1 survivors (1024K)
 Metaspace       used 94580K, committed 95296K, reserved 1138688K
  class space    used 12958K, committed 13312K, reserved 1048576K
}
Event: 11.212 GC heap after
{Heap after GC invocations=34 (full 0):
 garbage-first heap   total 393216K, used 101217K [0x0000000080000000, 0x0000000100000000)
  region size 1024K, 5 young (5120K), 5 survivors (5120K)
 Metaspace       used 94580K, committed 95296K, reserved 1138688K
  class space    used 12958K, committed 13312K, reserved 1048576K
}
Event: 340.750 GC heap before
{Heap before GC invocations=35 (full 0):
 garbage-first heap   total 393216K, used 298849K [0x0000000080000000, 0x0000000100000000)
  region size 1024K, 199 young (203776K), 5 survivors (5120K)
 Metaspace       used 97082K, committed 97856K, reserved 1138688K
  class space    used 13157K, committed 13504K, reserved 1048576K
}
Event: 340.760 GC heap after
{Heap after GC invocations=36 (full 0):
 garbage-first heap   total 393216K, used 109892K [0x0000000080000000, 0x0000000100000000)
  region size 1024K, 13 young (13312K), 13 survivors (13312K)
 Metaspace       used 97082K, committed 97856K, reserved 1138688K
  class space    used 13157K, committed 13504K, reserved 1048576K
}
Event: 340.821 GC heap before
{Heap before GC invocations=36 (full 0):
 garbage-first heap   total 393216K, used 115012K [0x0000000080000000, 0x0000000100000000)
  region size 1024K, 19 young (19456K), 13 survivors (13312K)
 Metaspace       used 97118K, committed 97856K, reserved 1138688K
  class space    used 13157K, committed 13504K, reserved 1048576K
}
Event: 340.828 GC heap after
{Heap after GC invocations=37 (full 0):
 garbage-first heap   total 393216K, used 111458K [0x0000000080000000, 0x0000000100000000)
  region size 1024K, 3 young (3072K), 3 survivors (3072K)
 Metaspace       used 97118K, committed 97856K, reserved 1138688K
  class space    used 13157K, committed 13504K, reserved 1048576K
}
Event: 340.936 GC heap before
{Heap before GC invocations=37 (full 0):
 garbage-first heap   total 393216K, used 124770K [0x0000000080000000, 0x0000000100000000)
  region size 1024K, 17 young (17408K), 3 survivors (3072K)
 Metaspace       used 98169K, committed 98944K, reserved 1138688K
  class space    used 13245K, committed 13632K, reserved 1048576K
}
Event: 340.939 GC heap after
{Heap after GC invocations=38 (full 0):
 garbage-first heap   total 393216K, used 110412K [0x0000000080000000, 0x0000000100000000)
  region size 1024K, 2 young (2048K), 2 survivors (2048K)
 Metaspace       used 98169K, committed 98944K, reserved 1138688K
  class space    used 13245K, committed 13632K, reserved 1048576K
}

